4999
1 499901
101 499901
201 499901
301 499901
401 499901
501 499901
601 499901
701 499901
801 499901
901 499901
1001 499901
1101 499901
1201 499901
1301 499901
1401 499901
1501 499901
1601 499901
1701 499901
1801 499901
1901 499901
2001 499901
2101 499901
2201 499901
2301 499901
2401 499901
2501 499901
2601 499901
2701 499901
2801 499901
2901 499901
3001 499901
3101 499901
3201 499901
3301 499901
3401 499901
3501 499901
3601 499901
3701 499901
3801 499901
3901 499901
4001 499901
4101 499901
4201 499901
4301 499901
4401 499901
4501 499901
4601 499901
4701 499901
4801 499901
4901 499901
5001 499901
5101 499901
5201 499901
5301 499901
5401 499901
5501 499901
5601 499901
5701 499901
5801 499901
5901 499901
6001 499901
6101 499901
6201 499901
6301 499901
6401 499901
6501 499901
6601 499901
6701 499901
6801 499901
6901 499901
7001 499901
7101 499901
7201 499901
7301 499901
7401 499901
7501 499901
7601 499901
7701 499901
7801 499901
7901 499901
8001 499901
8101 499901
8201 499901
8301 499901
8401 499901
8501 499901
8601 499901
8701 499901
8801 499901
8901 499901
9001 499901
9101 499901
9201 499901
9301 499901
9401 499901
9501 499901
9601 499901
9701 499901
9801 499901
9901 499901
10001 499901
10101 499901
10201 499901
10301 499901
10401 499901
10501 499901
10601 499901
10701 499901
10801 499901
10901 499901
11001 499901
11101 499901
11201 499901
11301 499901
11401 499901
11501 499901
11601 499901
11701 499901
11801 499901
11901 499901
12001 499901
12101 499901
12201 499901
12301 499901
12401 499901
12501 499901
12601 499901
12701 499901
12801 499901
12901 499901
13001 499901
13101 499901
13201 499901
13301 499901
13401 499901
13501 499901
13601 499901
13701 499901
13801 499901
13901 499901
14001 499901
14101 499901
14201 499901
14301 499901
14401 499901
14501 499901
14601 499901
14701 499901
14801 499901
14901 499901
15001 499901
15101 499901
15201 499901
15301 499901
15401 499901
15501 499901
15601 499901
15701 499901
15801 499901
15901 499901
16001 499901
16101 499901
16201 499901
16301 499901
16401 499901
16501 499901
16601 499901
16701 499901
16801 499901
16901 499901
17001 499901
17101 499901
17201 499901
17301 499901
17401 499901
17501 499901
17601 499901
17701 499901
17801 499901
17901 499901
18001 499901
18101 499901
18201 499901
18301 499901
18401 499901
18501 499901
18601 499901
18701 499901
18801 499901
18901 499901
19001 499901
19101 499901
19201 499901
19301 499901
19401 499901
19501 499901
19601 499901
19701 499901
19801 499901
19901 499901
20001 499901
20101 499901
20201 499901
20301 499901
20401 499901
20501 499901
20601 499901
20701 499901
20801 499901
20901 499901
21001 499901
21101 499901
21201 499901
21301 499901
21401 499901
21501 499901
21601 499901
21701 499901
21801 499901
21901 499901
22001 499901
22101 499901
22201 499901
22301 499901
22401 499901
22501 499901
22601 499901
22701 499901
22801 499901
22901 499901
23001 499901
23101 499901
23201 499901
23301 499901
23401 499901
23501 499901
23601 499901
23701 499901
23801 499901
23901 499901
24001 499901
24101 499901
24201 499901
24301 499901
24401 499901
24501 499901
24601 499901
24701 499901
24801 499901
24901 499901
25001 499901
25101 499901
25201 499901
25301 499901
25401 499901
25501 499901
25601 499901
25701 499901
25801 499901
25901 499901
26001 499901
26101 499901
26201 499901
26301 499901
26401 499901
26501 499901
26601 499901
26701 499901
26801 499901
26901 499901
27001 499901
27101 499901
27201 499901
27301 499901
27401 499901
27501 499901
27601 499901
27701 499901
27801 499901
27901 499901
28001 499901
28101 499901
28201 499901
28301 499901
28401 499901
28501 499901
28601 499901
28701 499901
28801 499901
28901 499901
29001 499901
29101 499901
29201 499901
29301 499901
29401 499901
29501 499901
29601 499901
29701 499901
29801 499901
29901 499901
30001 499901
30101 499901
30201 499901
30301 499901
30401 499901
30501 499901
30601 499901
30701 499901
30801 499901
30901 499901
31001 499901
31101 499901
31201 499901
31301 499901
31401 499901
31501 499901
31601 499901
31701 499901
31801 499901
31901 499901
32001 499901
32101 499901
32201 499901
32301 499901
32401 499901
32501 499901
32601 499901
32701 499901
32801 499901
32901 499901
33001 499901
33101 499901
33201 499901
33301 499901
33401 499901
33501 499901
33601 499901
33701 499901
33801 499901
33901 499901
34001 499901
34101 499901
34201 499901
34301 499901
34401 499901
34501 499901
34601 499901
34701 499901
34801 499901
34901 499901
35001 499901
35101 499901
35201 499901
35301 499901
35401 499901
35501 499901
35601 499901
35701 499901
35801 499901
35901 499901
36001 499901
36101 499901
36201 499901
36301 499901
36401 499901
36501 499901
36601 499901
36701 499901
36801 499901
36901 499901
37001 499901
37101 499901
37201 499901
37301 499901
37401 499901
37501 499901
37601 499901
37701 499901
37801 499901
37901 499901
38001 499901
38101 499901
38201 499901
38301 499901
38401 499901
38501 499901
38601 499901
38701 499901
38801 499901
38901 499901
39001 499901
39101 499901
39201 499901
39301 499901
39401 499901
39501 499901
39601 499901
39701 499901
39801 499901
39901 499901
40001 499901
40101 499901
40201 499901
40301 499901
40401 499901
40501 499901
40601 499901
40701 499901
40801 499901
40901 499901
41001 499901
41101 499901
41201 499901
41301 499901
41401 499901
41501 499901
41601 499901
41701 499901
41801 499901
41901 499901
42001 499901
42101 499901
42201 499901
42301 499901
42401 499901
42501 499901
42601 499901
42701 499901
42801 499901
42901 499901
43001 499901
43101 499901
43201 499901
43301 499901
43401 499901
43501 499901
43601 499901
43701 499901
43801 499901
43901 499901
44001 499901
44101 499901
44201 499901
44301 499901
44401 499901
44501 499901
44601 499901
44701 499901
44801 499901
44901 499901
45001 499901
45101 499901
45201 499901
45301 499901
45401 499901
45501 499901
45601 499901
45701 499901
45801 499901
45901 499901
46001 499901
46101 499901
46201 499901
46301 499901
46401 499901
46501 499901
46601 499901
46701 499901
46801 499901
46901 499901
47001 499901
47101 499901
47201 499901
47301 499901
47401 499901
47501 499901
47601 499901
47701 499901
47801 499901
47901 499901
48001 499901
48101 499901
48201 499901
48301 499901
48401 499901
48501 499901
48601 499901
48701 499901
48801 499901
48901 499901
49001 499901
49101 499901
49201 499901
49301 499901
49401 499901
49501 499901
49601 499901
49701 499901
49801 499901
49901 499901
50001 499901
50101 499901
50201 499901
50301 499901
50401 499901
50501 499901
50601 499901
50701 499901
50801 499901
50901 499901
51001 499901
51101 499901
51201 499901
51301 499901
51401 499901
51501 499901
51601 499901
51701 499901
51801 499901
51901 499901
52001 499901
52101 499901
52201 499901
52301 499901
52401 499901
52501 499901
52601 499901
52701 499901
52801 499901
52901 499901
53001 499901
53101 499901
53201 499901
53301 499901
53401 499901
53501 499901
53601 499901
53701 499901
53801 499901
53901 499901
54001 499901
54101 499901
54201 499901
54301 499901
54401 499901
54501 499901
54601 499901
54701 499901
54801 499901
54901 499901
55001 499901
55101 499901
55201 499901
55301 499901
55401 499901
55501 499901
55601 499901
55701 499901
55801 499901
55901 499901
56001 499901
56101 499901
56201 499901
56301 499901
56401 499901
56501 499901
56601 499901
56701 499901
56801 499901
56901 499901
57001 499901
57101 499901
57201 499901
57301 499901
57401 499901
57501 499901
57601 499901
57701 499901
57801 499901
57901 499901
58001 499901
58101 499901
58201 499901
58301 499901
58401 499901
58501 499901
58601 499901
58701 499901
58801 499901
58901 499901
59001 499901
59101 499901
59201 499901
59301 499901
59401 499901
59501 499901
59601 499901
59701 499901
59801 499901
59901 499901
60001 499901
60101 499901
60201 499901
60301 499901
60401 499901
60501 499901
60601 499901
60701 499901
60801 499901
60901 499901
61001 499901
61101 499901
61201 499901
61301 499901
61401 499901
61501 499901
61601 499901
61701 499901
61801 499901
61901 499901
62001 499901
62101 499901
62201 499901
62301 499901
62401 499901
62501 499901
62601 499901
62701 499901
62801 499901
62901 499901
63001 499901
63101 499901
63201 499901
63301 499901
63401 499901
63501 499901
63601 499901
63701 499901
63801 499901
63901 499901
64001 499901
64101 499901
64201 499901
64301 499901
64401 499901
64501 499901
64601 499901
64701 499901
64801 499901
64901 499901
65001 499901
65101 499901
65201 499901
65301 499901
65401 499901
65501 499901
65601 499901
65701 499901
65801 499901
65901 499901
66001 499901
66101 499901
66201 499901
66301 499901
66401 499901
66501 499901
66601 499901
66701 499901
66801 499901
66901 499901
67001 499901
67101 499901
67201 499901
67301 499901
67401 499901
67501 499901
67601 499901
67701 499901
67801 499901
67901 499901
68001 499901
68101 499901
68201 499901
68301 499901
68401 499901
68501 499901
68601 499901
68701 499901
68801 499901
68901 499901
69001 499901
69101 499901
69201 499901
69301 499901
69401 499901
69501 499901
69601 499901
69701 499901
69801 499901
69901 499901
70001 499901
70101 499901
70201 499901
70301 499901
70401 499901
70501 499901
70601 499901
70701 499901
70801 499901
70901 499901
71001 499901
71101 499901
71201 499901
71301 499901
71401 499901
71501 499901
71601 499901
71701 499901
71801 499901
71901 499901
72001 499901
72101 499901
72201 499901
72301 499901
72401 499901
72501 499901
72601 499901
72701 499901
72801 499901
72901 499901
73001 499901
73101 499901
73201 499901
73301 499901
73401 499901
73501 499901
73601 499901
73701 499901
73801 499901
73901 499901
74001 499901
74101 499901
74201 499901
74301 499901
74401 499901
74501 499901
74601 499901
74701 499901
74801 499901
74901 499901
75001 499901
75101 499901
75201 499901
75301 499901
75401 499901
75501 499901
75601 499901
75701 499901
75801 499901
75901 499901
76001 499901
76101 499901
76201 499901
76301 499901
76401 499901
76501 499901
76601 499901
76701 499901
76801 499901
76901 499901
77001 499901
77101 499901
77201 499901
77301 499901
77401 499901
77501 499901
77601 499901
77701 499901
77801 499901
77901 499901
78001 499901
78101 499901
78201 499901
78301 499901
78401 499901
78501 499901
78601 499901
78701 499901
78801 499901
78901 499901
79001 499901
79101 499901
79201 499901
79301 499901
79401 499901
79501 499901
79601 499901
79701 499901
79801 499901
79901 499901
80001 499901
80101 499901
80201 499901
80301 499901
80401 499901
80501 499901
80601 499901
80701 499901
80801 499901
80901 499901
81001 499901
81101 499901
81201 499901
81301 499901
81401 499901
81501 499901
81601 499901
81701 499901
81801 499901
81901 499901
82001 499901
82101 499901
82201 499901
82301 499901
82401 499901
82501 499901
82601 499901
82701 499901
82801 499901
82901 499901
83001 499901
83101 499901
83201 499901
83301 499901
83401 499901
83501 499901
83601 499901
83701 499901
83801 499901
83901 499901
84001 499901
84101 499901
84201 499901
84301 499901
84401 499901
84501 499901
84601 499901
84701 499901
84801 499901
84901 499901
85001 499901
85101 499901
85201 499901
85301 499901
85401 499901
85501 499901
85601 499901
85701 499901
85801 499901
85901 499901
86001 499901
86101 499901
86201 499901
86301 499901
86401 499901
86501 499901
86601 499901
86701 499901
86801 499901
86901 499901
87001 499901
87101 499901
87201 499901
87301 499901
87401 499901
87501 499901
87601 499901
87701 499901
87801 499901
87901 499901
88001 499901
88101 499901
88201 499901
88301 499901
88401 499901
88501 499901
88601 499901
88701 499901
88801 499901
88901 499901
89001 499901
89101 499901
89201 499901
89301 499901
89401 499901
89501 499901
89601 499901
89701 499901
89801 499901
89901 499901
90001 499901
90101 499901
90201 499901
90301 499901
90401 499901
90501 499901
90601 499901
90701 499901
90801 499901
90901 499901
91001 499901
91101 499901
91201 499901
91301 499901
91401 499901
91501 499901
91601 499901
91701 499901
91801 499901
91901 499901
92001 499901
92101 499901
92201 499901
92301 499901
92401 499901
92501 499901
92601 499901
92701 499901
92801 499901
92901 499901
93001 499901
93101 499901
93201 499901
93301 499901
93401 499901
93501 499901
93601 499901
93701 499901
93801 499901
93901 499901
94001 499901
94101 499901
94201 499901
94301 499901
94401 499901
94501 499901
94601 499901
94701 499901
94801 499901
94901 499901
95001 499901
95101 499901
95201 499901
95301 499901
95401 499901
95501 499901
95601 499901
95701 499901
95801 499901
95901 499901
96001 499901
96101 499901
96201 499901
96301 499901
96401 499901
96501 499901
96601 499901
96701 499901
96801 499901
96901 499901
97001 499901
97101 499901
97201 499901
97301 499901
97401 499901
97501 499901
97601 499901
97701 499901
97801 499901
97901 499901
98001 499901
98101 499901
98201 499901
98301 499901
98401 499901
98501 499901
98601 499901
98701 499901
98801 499901
98901 499901
99001 499901
99101 499901
99201 499901
99301 499901
99401 499901
99501 499901
99601 499901
99701 499901
99801 499901
99901 499901
100001 499901
100101 499901
100201 499901
100301 499901
100401 499901
100501 499901
100601 499901
100701 499901
100801 499901
100901 499901
101001 499901
101101 499901
101201 499901
101301 499901
101401 499901
101501 499901
101601 499901
101701 499901
101801 499901
101901 499901
102001 499901
102101 499901
102201 499901
102301 499901
102401 499901
102501 499901
102601 499901
102701 499901
102801 499901
102901 499901
103001 499901
103101 499901
103201 499901
103301 499901
103401 499901
103501 499901
103601 499901
103701 499901
103801 499901
103901 499901
104001 499901
104101 499901
104201 499901
104301 499901
104401 499901
104501 499901
104601 499901
104701 499901
104801 499901
104901 499901
105001 499901
105101 499901
105201 499901
105301 499901
105401 499901
105501 499901
105601 499901
105701 499901
105801 499901
105901 499901
106001 499901
106101 499901
106201 499901
106301 499901
106401 499901
106501 499901
106601 499901
106701 499901
106801 499901
106901 499901
107001 499901
107101 499901
107201 499901
107301 499901
107401 499901
107501 499901
107601 499901
107701 499901
107801 499901
107901 499901
108001 499901
108101 499901
108201 499901
108301 499901
108401 499901
108501 499901
108601 499901
108701 499901
108801 499901
108901 499901
109001 499901
109101 499901
109201 499901
109301 499901
109401 499901
109501 499901
109601 499901
109701 499901
109801 499901
109901 499901
110001 499901
110101 499901
110201 499901
110301 499901
110401 499901
110501 499901
110601 499901
110701 499901
110801 499901
110901 499901
111001 499901
111101 499901
111201 499901
111301 499901
111401 499901
111501 499901
111601 499901
111701 499901
111801 499901
111901 499901
112001 499901
112101 499901
112201 499901
112301 499901
112401 499901
112501 499901
112601 499901
112701 499901
112801 499901
112901 499901
113001 499901
113101 499901
113201 499901
113301 499901
113401 499901
113501 499901
113601 499901
113701 499901
113801 499901
113901 499901
114001 499901
114101 499901
114201 499901
114301 499901
114401 499901
114501 499901
114601 499901
114701 499901
114801 499901
114901 499901
115001 499901
115101 499901
115201 499901
115301 499901
115401 499901
115501 499901
115601 499901
115701 499901
115801 499901
115901 499901
116001 499901
116101 499901
116201 499901
116301 499901
116401 499901
116501 499901
116601 499901
116701 499901
116801 499901
116901 499901
117001 499901
117101 499901
117201 499901
117301 499901
117401 499901
117501 499901
117601 499901
117701 499901
117801 499901
117901 499901
118001 499901
118101 499901
118201 499901
118301 499901
118401 499901
118501 499901
118601 499901
118701 499901
118801 499901
118901 499901
119001 499901
119101 499901
119201 499901
119301 499901
119401 499901
119501 499901
119601 499901
119701 499901
119801 499901
119901 499901
120001 499901
120101 499901
120201 499901
120301 499901
120401 499901
120501 499901
120601 499901
120701 499901
120801 499901
120901 499901
121001 499901
121101 499901
121201 499901
121301 499901
121401 499901
121501 499901
121601 499901
121701 499901
121801 499901
121901 499901
122001 499901
122101 499901
122201 499901
122301 499901
122401 499901
122501 499901
122601 499901
122701 499901
122801 499901
122901 499901
123001 499901
123101 499901
123201 499901
123301 499901
123401 499901
123501 499901
123601 499901
123701 499901
123801 499901
123901 499901
124001 499901
124101 499901
124201 499901
124301 499901
124401 499901
124501 499901
124601 499901
124701 499901
124801 499901
124901 499901
125001 499901
125101 499901
125201 499901
125301 499901
125401 499901
125501 499901
125601 499901
125701 499901
125801 499901
125901 499901
126001 499901
126101 499901
126201 499901
126301 499901
126401 499901
126501 499901
126601 499901
126701 499901
126801 499901
126901 499901
127001 499901
127101 499901
127201 499901
127301 499901
127401 499901
127501 499901
127601 499901
127701 499901
127801 499901
127901 499901
128001 499901
128101 499901
128201 499901
128301 499901
128401 499901
128501 499901
128601 499901
128701 499901
128801 499901
128901 499901
129001 499901
129101 499901
129201 499901
129301 499901
129401 499901
129501 499901
129601 499901
129701 499901
129801 499901
129901 499901
130001 499901
130101 499901
130201 499901
130301 499901
130401 499901
130501 499901
130601 499901
130701 499901
130801 499901
130901 499901
131001 499901
131101 499901
131201 499901
131301 499901
131401 499901
131501 499901
131601 499901
131701 499901
131801 499901
131901 499901
132001 499901
132101 499901
132201 499901
132301 499901
132401 499901
132501 499901
132601 499901
132701 499901
132801 499901
132901 499901
133001 499901
133101 499901
133201 499901
133301 499901
133401 499901
133501 499901
133601 499901
133701 499901
133801 499901
133901 499901
134001 499901
134101 499901
134201 499901
134301 499901
134401 499901
134501 499901
134601 499901
134701 499901
134801 499901
134901 499901
135001 499901
135101 499901
135201 499901
135301 499901
135401 499901
135501 499901
135601 499901
135701 499901
135801 499901
135901 499901
136001 499901
136101 499901
136201 499901
136301 499901
136401 499901
136501 499901
136601 499901
136701 499901
136801 499901
136901 499901
137001 499901
137101 499901
137201 499901
137301 499901
137401 499901
137501 499901
137601 499901
137701 499901
137801 499901
137901 499901
138001 499901
138101 499901
138201 499901
138301 499901
138401 499901
138501 499901
138601 499901
138701 499901
138801 499901
138901 499901
139001 499901
139101 499901
139201 499901
139301 499901
139401 499901
139501 499901
139601 499901
139701 499901
139801 499901
139901 499901
140001 499901
140101 499901
140201 499901
140301 499901
140401 499901
140501 499901
140601 499901
140701 499901
140801 499901
140901 499901
141001 499901
141101 499901
141201 499901
141301 499901
141401 499901
141501 499901
141601 499901
141701 499901
141801 499901
141901 499901
142001 499901
142101 499901
142201 499901
142301 499901
142401 499901
142501 499901
142601 499901
142701 499901
142801 499901
142901 499901
143001 499901
143101 499901
143201 499901
143301 499901
143401 499901
143501 499901
143601 499901
143701 499901
143801 499901
143901 499901
144001 499901
144101 499901
144201 499901
144301 499901
144401 499901
144501 499901
144601 499901
144701 499901
144801 499901
144901 499901
145001 499901
145101 499901
145201 499901
145301 499901
145401 499901
145501 499901
145601 499901
145701 499901
145801 499901
145901 499901
146001 499901
146101 499901
146201 499901
146301 499901
146401 499901
146501 499901
146601 499901
146701 499901
146801 499901
146901 499901
147001 499901
147101 499901
147201 499901
147301 499901
147401 499901
147501 499901
147601 499901
147701 499901
147801 499901
147901 499901
148001 499901
148101 499901
148201 499901
148301 499901
148401 499901
148501 499901
148601 499901
148701 499901
148801 499901
148901 499901
149001 499901
149101 499901
149201 499901
149301 499901
149401 499901
149501 499901
149601 499901
149701 499901
149801 499901
149901 499901
150001 499901
150101 499901
150201 499901
150301 499901
150401 499901
150501 499901
150601 499901
150701 499901
150801 499901
150901 499901
151001 499901
151101 499901
151201 499901
151301 499901
151401 499901
151501 499901
151601 499901
151701 499901
151801 499901
151901 499901
152001 499901
152101 499901
152201 499901
152301 499901
152401 499901
152501 499901
152601 499901
152701 499901
152801 499901
152901 499901
153001 499901
153101 499901
153201 499901
153301 499901
153401 499901
153501 499901
153601 499901
153701 499901
153801 499901
153901 499901
154001 499901
154101 499901
154201 499901
154301 499901
154401 499901
154501 499901
154601 499901
154701 499901
154801 499901
154901 499901
155001 499901
155101 499901
155201 499901
155301 499901
155401 499901
155501 499901
155601 499901
155701 499901
155801 499901
155901 499901
156001 499901
156101 499901
156201 499901
156301 499901
156401 499901
156501 499901
156601 499901
156701 499901
156801 499901
156901 499901
157001 499901
157101 499901
157201 499901
157301 499901
157401 499901
157501 499901
157601 499901
157701 499901
157801 499901
157901 499901
158001 499901
158101 499901
158201 499901
158301 499901
158401 499901
158501 499901
158601 499901
158701 499901
158801 499901
158901 499901
159001 499901
159101 499901
159201 499901
159301 499901
159401 499901
159501 499901
159601 499901
159701 499901
159801 499901
159901 499901
160001 499901
160101 499901
160201 499901
160301 499901
160401 499901
160501 499901
160601 499901
160701 499901
160801 499901
160901 499901
161001 499901
161101 499901
161201 499901
161301 499901
161401 499901
161501 499901
161601 499901
161701 499901
161801 499901
161901 499901
162001 499901
162101 499901
162201 499901
162301 499901
162401 499901
162501 499901
162601 499901
162701 499901
162801 499901
162901 499901
163001 499901
163101 499901
163201 499901
163301 499901
163401 499901
163501 499901
163601 499901
163701 499901
163801 499901
163901 499901
164001 499901
164101 499901
164201 499901
164301 499901
164401 499901
164501 499901
164601 499901
164701 499901
164801 499901
164901 499901
165001 499901
165101 499901
165201 499901
165301 499901
165401 499901
165501 499901
165601 499901
165701 499901
165801 499901
165901 499901
166001 499901
166101 499901
166201 499901
166301 499901
166401 499901
166501 499901
166601 499901
166701 499901
166801 499901
166901 499901
167001 499901
167101 499901
167201 499901
167301 499901
167401 499901
167501 499901
167601 499901
167701 499901
167801 499901
167901 499901
168001 499901
168101 499901
168201 499901
168301 499901
168401 499901
168501 499901
168601 499901
168701 499901
168801 499901
168901 499901
169001 499901
169101 499901
169201 499901
169301 499901
169401 499901
169501 499901
169601 499901
169701 499901
169801 499901
169901 499901
170001 499901
170101 499901
170201 499901
170301 499901
170401 499901
170501 499901
170601 499901
170701 499901
170801 499901
170901 499901
171001 499901
171101 499901
171201 499901
171301 499901
171401 499901
171501 499901
171601 499901
171701 499901
171801 499901
171901 499901
172001 499901
172101 499901
172201 499901
172301 499901
172401 499901
172501 499901
172601 499901
172701 499901
172801 499901
172901 499901
173001 499901
173101 499901
173201 499901
173301 499901
173401 499901
173501 499901
173601 499901
173701 499901
173801 499901
173901 499901
174001 499901
174101 499901
174201 499901
174301 499901
174401 499901
174501 499901
174601 499901
174701 499901
174801 499901
174901 499901
175001 499901
175101 499901
175201 499901
175301 499901
175401 499901
175501 499901
175601 499901
175701 499901
175801 499901
175901 499901
176001 499901
176101 499901
176201 499901
176301 499901
176401 499901
176501 499901
176601 499901
176701 499901
176801 499901
176901 499901
177001 499901
177101 499901
177201 499901
177301 499901
177401 499901
177501 499901
177601 499901
177701 499901
177801 499901
177901 499901
178001 499901
178101 499901
178201 499901
178301 499901
178401 499901
178501 499901
178601 499901
178701 499901
178801 499901
178901 499901
179001 499901
179101 499901
179201 499901
179301 499901
179401 499901
179501 499901
179601 499901
179701 499901
179801 499901
179901 499901
180001 499901
180101 499901
180201 499901
180301 499901
180401 499901
180501 499901
180601 499901
180701 499901
180801 499901
180901 499901
181001 499901
181101 499901
181201 499901
181301 499901
181401 499901
181501 499901
181601 499901
181701 499901
181801 499901
181901 499901
182001 499901
182101 499901
182201 499901
182301 499901
182401 499901
182501 499901
182601 499901
182701 499901
182801 499901
182901 499901
183001 499901
183101 499901
183201 499901
183301 499901
183401 499901
183501 499901
183601 499901
183701 499901
183801 499901
183901 499901
184001 499901
184101 499901
184201 499901
184301 499901
184401 499901
184501 499901
184601 499901
184701 499901
184801 499901
184901 499901
185001 499901
185101 499901
185201 499901
185301 499901
185401 499901
185501 499901
185601 499901
185701 499901
185801 499901
185901 499901
186001 499901
186101 499901
186201 499901
186301 499901
186401 499901
186501 499901
186601 499901
186701 499901
186801 499901
186901 499901
187001 499901
187101 499901
187201 499901
187301 499901
187401 499901
187501 499901
187601 499901
187701 499901
187801 499901
187901 499901
188001 499901
188101 499901
188201 499901
188301 499901
188401 499901
188501 499901
188601 499901
188701 499901
188801 499901
188901 499901
189001 499901
189101 499901
189201 499901
189301 499901
189401 499901
189501 499901
189601 499901
189701 499901
189801 499901
189901 499901
190001 499901
190101 499901
190201 499901
190301 499901
190401 499901
190501 499901
190601 499901
190701 499901
190801 499901
190901 499901
191001 499901
191101 499901
191201 499901
191301 499901
191401 499901
191501 499901
191601 499901
191701 499901
191801 499901
191901 499901
192001 499901
192101 499901
192201 499901
192301 499901
192401 499901
192501 499901
192601 499901
192701 499901
192801 499901
192901 499901
193001 499901
193101 499901
193201 499901
193301 499901
193401 499901
193501 499901
193601 499901
193701 499901
193801 499901
193901 499901
194001 499901
194101 499901
194201 499901
194301 499901
194401 499901
194501 499901
194601 499901
194701 499901
194801 499901
194901 499901
195001 499901
195101 499901
195201 499901
195301 499901
195401 499901
195501 499901
195601 499901
195701 499901
195801 499901
195901 499901
196001 499901
196101 499901
196201 499901
196301 499901
196401 499901
196501 499901
196601 499901
196701 499901
196801 499901
196901 499901
197001 499901
197101 499901
197201 499901
197301 499901
197401 499901
197501 499901
197601 499901
197701 499901
197801 499901
197901 499901
198001 499901
198101 499901
198201 499901
198301 499901
198401 499901
198501 499901
198601 499901
198701 499901
198801 499901
198901 499901
199001 499901
199101 499901
199201 499901
199301 499901
199401 499901
199501 499901
199601 499901
199701 499901
199801 499901
199901 499901
200001 499901
200101 499901
200201 499901
200301 499901
200401 499901
200501 499901
200601 499901
200701 499901
200801 499901
200901 499901
201001 499901
201101 499901
201201 499901
201301 499901
201401 499901
201501 499901
201601 499901
201701 499901
201801 499901
201901 499901
202001 499901
202101 499901
202201 499901
202301 499901
202401 499901
202501 499901
202601 499901
202701 499901
202801 499901
202901 499901
203001 499901
203101 499901
203201 499901
203301 499901
203401 499901
203501 499901
203601 499901
203701 499901
203801 499901
203901 499901
204001 499901
204101 499901
204201 499901
204301 499901
204401 499901
204501 499901
204601 499901
204701 499901
204801 499901
204901 499901
205001 499901
205101 499901
205201 499901
205301 499901
205401 499901
205501 499901
205601 499901
205701 499901
205801 499901
205901 499901
206001 499901
206101 499901
206201 499901
206301 499901
206401 499901
206501 499901
206601 499901
206701 499901
206801 499901
206901 499901
207001 499901
207101 499901
207201 499901
207301 499901
207401 499901
207501 499901
207601 499901
207701 499901
207801 499901
207901 499901
208001 499901
208101 499901
208201 499901
208301 499901
208401 499901
208501 499901
208601 499901
208701 499901
208801 499901
208901 499901
209001 499901
209101 499901
209201 499901
209301 499901
209401 499901
209501 499901
209601 499901
209701 499901
209801 499901
209901 499901
210001 499901
210101 499901
210201 499901
210301 499901
210401 499901
210501 499901
210601 499901
210701 499901
210801 499901
210901 499901
211001 499901
211101 499901
211201 499901
211301 499901
211401 499901
211501 499901
211601 499901
211701 499901
211801 499901
211901 499901
212001 499901
212101 499901
212201 499901
212301 499901
212401 499901
212501 499901
212601 499901
212701 499901
212801 499901
212901 499901
213001 499901
213101 499901
213201 499901
213301 499901
213401 499901
213501 499901
213601 499901
213701 499901
213801 499901
213901 499901
214001 499901
214101 499901
214201 499901
214301 499901
214401 499901
214501 499901
214601 499901
214701 499901
214801 499901
214901 499901
215001 499901
215101 499901
215201 499901
215301 499901
215401 499901
215501 499901
215601 499901
215701 499901
215801 499901
215901 499901
216001 499901
216101 499901
216201 499901
216301 499901
216401 499901
216501 499901
216601 499901
216701 499901
216801 499901
216901 499901
217001 499901
217101 499901
217201 499901
217301 499901
217401 499901
217501 499901
217601 499901
217701 499901
217801 499901
217901 499901
218001 499901
218101 499901
218201 499901
218301 499901
218401 499901
218501 499901
218601 499901
218701 499901
218801 499901
218901 499901
219001 499901
219101 499901
219201 499901
219301 499901
219401 499901
219501 499901
219601 499901
219701 499901
219801 499901
219901 499901
220001 499901
220101 499901
220201 499901
220301 499901
220401 499901
220501 499901
220601 499901
220701 499901
220801 499901
220901 499901
221001 499901
221101 499901
221201 499901
221301 499901
221401 499901
221501 499901
221601 499901
221701 499901
221801 499901
221901 499901
222001 499901
222101 499901
222201 499901
222301 499901
222401 499901
222501 499901
222601 499901
222701 499901
222801 499901
222901 499901
223001 499901
223101 499901
223201 499901
223301 499901
223401 499901
223501 499901
223601 499901
223701 499901
223801 499901
223901 499901
224001 499901
224101 499901
224201 499901
224301 499901
224401 499901
224501 499901
224601 499901
224701 499901
224801 499901
224901 499901
225001 499901
225101 499901
225201 499901
225301 499901
225401 499901
225501 499901
225601 499901
225701 499901
225801 499901
225901 499901
226001 499901
226101 499901
226201 499901
226301 499901
226401 499901
226501 499901
226601 499901
226701 499901
226801 499901
226901 499901
227001 499901
227101 499901
227201 499901
227301 499901
227401 499901
227501 499901
227601 499901
227701 499901
227801 499901
227901 499901
228001 499901
228101 499901
228201 499901
228301 499901
228401 499901
228501 499901
228601 499901
228701 499901
228801 499901
228901 499901
229001 499901
229101 499901
229201 499901
229301 499901
229401 499901
229501 499901
229601 499901
229701 499901
229801 499901
229901 499901
230001 499901
230101 499901
230201 499901
230301 499901
230401 499901
230501 499901
230601 499901
230701 499901
230801 499901
230901 499901
231001 499901
231101 499901
231201 499901
231301 499901
231401 499901
231501 499901
231601 499901
231701 499901
231801 499901
231901 499901
232001 499901
232101 499901
232201 499901
232301 499901
232401 499901
232501 499901
232601 499901
232701 499901
232801 499901
232901 499901
233001 499901
233101 499901
233201 499901
233301 499901
233401 499901
233501 499901
233601 499901
233701 499901
233801 499901
233901 499901
234001 499901
234101 499901
234201 499901
234301 499901
234401 499901
234501 499901
234601 499901
234701 499901
234801 499901
234901 499901
235001 499901
235101 499901
235201 499901
235301 499901
235401 499901
235501 499901
235601 499901
235701 499901
235801 499901
235901 499901
236001 499901
236101 499901
236201 499901
236301 499901
236401 499901
236501 499901
236601 499901
236701 499901
236801 499901
236901 499901
237001 499901
237101 499901
237201 499901
237301 499901
237401 499901
237501 499901
237601 499901
237701 499901
237801 499901
237901 499901
238001 499901
238101 499901
238201 499901
238301 499901
238401 499901
238501 499901
238601 499901
238701 499901
238801 499901
238901 499901
239001 499901
239101 499901
239201 499901
239301 499901
239401 499901
239501 499901
239601 499901
239701 499901
239801 499901
239901 499901
240001 499901
240101 499901
240201 499901
240301 499901
240401 499901
240501 499901
240601 499901
240701 499901
240801 499901
240901 499901
241001 499901
241101 499901
241201 499901
241301 499901
241401 499901
241501 499901
241601 499901
241701 499901
241801 499901
241901 499901
242001 499901
242101 499901
242201 499901
242301 499901
242401 499901
242501 499901
242601 499901
242701 499901
242801 499901
242901 499901
243001 499901
243101 499901
243201 499901
243301 499901
243401 499901
243501 499901
243601 499901
243701 499901
243801 499901
243901 499901
244001 499901
244101 499901
244201 499901
244301 499901
244401 499901
244501 499901
244601 499901
244701 499901
244801 499901
244901 499901
245001 499901
245101 499901
245201 499901
245301 499901
245401 499901
245501 499901
245601 499901
245701 499901
245801 499901
245901 499901
246001 499901
246101 499901
246201 499901
246301 499901
246401 499901
246501 499901
246601 499901
246701 499901
246801 499901
246901 499901
247001 499901
247101 499901
247201 499901
247301 499901
247401 499901
247501 499901
247601 499901
247701 499901
247801 499901
247901 499901
248001 499901
248101 499901
248201 499901
248301 499901
248401 499901
248501 499901
248601 499901
248701 499901
248801 499901
248901 499901
249001 499901
249101 499901
249201 499901
249301 499901
249401 499901
249501 499901
249601 499901
249701 499901
249801 499901
249901 499901
250001 499901
250101 499901
250201 499901
250301 499901
250401 499901
250501 499901
250601 499901
250701 499901
250801 499901
250901 499901
251001 499901
251101 499901
251201 499901
251301 499901
251401 499901
251501 499901
251601 499901
251701 499901
251801 499901
251901 499901
252001 499901
252101 499901
252201 499901
252301 499901
252401 499901
252501 499901
252601 499901
252701 499901
252801 499901
252901 499901
253001 499901
253101 499901
253201 499901
253301 499901
253401 499901
253501 499901
253601 499901
253701 499901
253801 499901
253901 499901
254001 499901
254101 499901
254201 499901
254301 499901
254401 499901
254501 499901
254601 499901
254701 499901
254801 499901
254901 499901
255001 499901
255101 499901
255201 499901
255301 499901
255401 499901
255501 499901
255601 499901
255701 499901
255801 499901
255901 499901
256001 499901
256101 499901
256201 499901
256301 499901
256401 499901
256501 499901
256601 499901
256701 499901
256801 499901
256901 499901
257001 499901
257101 499901
257201 499901
257301 499901
257401 499901
257501 499901
257601 499901
257701 499901
257801 499901
257901 499901
258001 499901
258101 499901
258201 499901
258301 499901
258401 499901
258501 499901
258601 499901
258701 499901
258801 499901
258901 499901
259001 499901
259101 499901
259201 499901
259301 499901
259401 499901
259501 499901
259601 499901
259701 499901
259801 499901
259901 499901
260001 499901
260101 499901
260201 499901
260301 499901
260401 499901
260501 499901
260601 499901
260701 499901
260801 499901
260901 499901
261001 499901
261101 499901
261201 499901
261301 499901
261401 499901
261501 499901
261601 499901
261701 499901
261801 499901
261901 499901
262001 499901
262101 499901
262201 499901
262301 499901
262401 499901
262501 499901
262601 499901
262701 499901
262801 499901
262901 499901
263001 499901
263101 499901
263201 499901
263301 499901
263401 499901
263501 499901
263601 499901
263701 499901
263801 499901
263901 499901
264001 499901
264101 499901
264201 499901
264301 499901
264401 499901
264501 499901
264601 499901
264701 499901
264801 499901
264901 499901
265001 499901
265101 499901
265201 499901
265301 499901
265401 499901
265501 499901
265601 499901
265701 499901
265801 499901
265901 499901
266001 499901
266101 499901
266201 499901
266301 499901
266401 499901
266501 499901
266601 499901
266701 499901
266801 499901
266901 499901
267001 499901
267101 499901
267201 499901
267301 499901
267401 499901
267501 499901
267601 499901
267701 499901
267801 499901
267901 499901
268001 499901
268101 499901
268201 499901
268301 499901
268401 499901
268501 499901
268601 499901
268701 499901
268801 499901
268901 499901
269001 499901
269101 499901
269201 499901
269301 499901
269401 499901
269501 499901
269601 499901
269701 499901
269801 499901
269901 499901
270001 499901
270101 499901
270201 499901
270301 499901
270401 499901
270501 499901
270601 499901
270701 499901
270801 499901
270901 499901
271001 499901
271101 499901
271201 499901
271301 499901
271401 499901
271501 499901
271601 499901
271701 499901
271801 499901
271901 499901
272001 499901
272101 499901
272201 499901
272301 499901
272401 499901
272501 499901
272601 499901
272701 499901
272801 499901
272901 499901
273001 499901
273101 499901
273201 499901
273301 499901
273401 499901
273501 499901
273601 499901
273701 499901
273801 499901
273901 499901
274001 499901
274101 499901
274201 499901
274301 499901
274401 499901
274501 499901
274601 499901
274701 499901
274801 499901
274901 499901
275001 499901
275101 499901
275201 499901
275301 499901
275401 499901
275501 499901
275601 499901
275701 499901
275801 499901
275901 499901
276001 499901
276101 499901
276201 499901
276301 499901
276401 499901
276501 499901
276601 499901
276701 499901
276801 499901
276901 499901
277001 499901
277101 499901
277201 499901
277301 499901
277401 499901
277501 499901
277601 499901
277701 499901
277801 499901
277901 499901
278001 499901
278101 499901
278201 499901
278301 499901
278401 499901
278501 499901
278601 499901
278701 499901
278801 499901
278901 499901
279001 499901
279101 499901
279201 499901
279301 499901
279401 499901
279501 499901
279601 499901
279701 499901
279801 499901
279901 499901
280001 499901
280101 499901
280201 499901
280301 499901
280401 499901
280501 499901
280601 499901
280701 499901
280801 499901
280901 499901
281001 499901
281101 499901
281201 499901
281301 499901
281401 499901
281501 499901
281601 499901
281701 499901
281801 499901
281901 499901
282001 499901
282101 499901
282201 499901
282301 499901
282401 499901
282501 499901
282601 499901
282701 499901
282801 499901
282901 499901
283001 499901
283101 499901
283201 499901
283301 499901
283401 499901
283501 499901
283601 499901
283701 499901
283801 499901
283901 499901
284001 499901
284101 499901
284201 499901
284301 499901
284401 499901
284501 499901
284601 499901
284701 499901
284801 499901
284901 499901
285001 499901
285101 499901
285201 499901
285301 499901
285401 499901
285501 499901
285601 499901
285701 499901
285801 499901
285901 499901
286001 499901
286101 499901
286201 499901
286301 499901
286401 499901
286501 499901
286601 499901
286701 499901
286801 499901
286901 499901
287001 499901
287101 499901
287201 499901
287301 499901
287401 499901
287501 499901
287601 499901
287701 499901
287801 499901
287901 499901
288001 499901
288101 499901
288201 499901
288301 499901
288401 499901
288501 499901
288601 499901
288701 499901
288801 499901
288901 499901
289001 499901
289101 499901
289201 499901
289301 499901
289401 499901
289501 499901
289601 499901
289701 499901
289801 499901
289901 499901
290001 499901
290101 499901
290201 499901
290301 499901
290401 499901
290501 499901
290601 499901
290701 499901
290801 499901
290901 499901
291001 499901
291101 499901
291201 499901
291301 499901
291401 499901
291501 499901
291601 499901
291701 499901
291801 499901
291901 499901
292001 499901
292101 499901
292201 499901
292301 499901
292401 499901
292501 499901
292601 499901
292701 499901
292801 499901
292901 499901
293001 499901
293101 499901
293201 499901
293301 499901
293401 499901
293501 499901
293601 499901
293701 499901
293801 499901
293901 499901
294001 499901
294101 499901
294201 499901
294301 499901
294401 499901
294501 499901
294601 499901
294701 499901
294801 499901
294901 499901
295001 499901
295101 499901
295201 499901
295301 499901
295401 499901
295501 499901
295601 499901
295701 499901
295801 499901
295901 499901
296001 499901
296101 499901
296201 499901
296301 499901
296401 499901
296501 499901
296601 499901
296701 499901
296801 499901
296901 499901
297001 499901
297101 499901
297201 499901
297301 499901
297401 499901
297501 499901
297601 499901
297701 499901
297801 499901
297901 499901
298001 499901
298101 499901
298201 499901
298301 499901
298401 499901
298501 499901
298601 499901
298701 499901
298801 499901
298901 499901
299001 499901
299101 499901
299201 499901
299301 499901
299401 499901
299501 499901
299601 499901
299701 499901
299801 499901
299901 499901
300001 499901
300101 499901
300201 499901
300301 499901
300401 499901
300501 499901
300601 499901
300701 499901
300801 499901
300901 499901
301001 499901
301101 499901
301201 499901
301301 499901
301401 499901
301501 499901
301601 499901
301701 499901
301801 499901
301901 499901
302001 499901
302101 499901
302201 499901
302301 499901
302401 499901
302501 499901
302601 499901
302701 499901
302801 499901
302901 499901
303001 499901
303101 499901
303201 499901
303301 499901
303401 499901
303501 499901
303601 499901
303701 499901
303801 499901
303901 499901
304001 499901
304101 499901
304201 499901
304301 499901
304401 499901
304501 499901
304601 499901
304701 499901
304801 499901
304901 499901
305001 499901
305101 499901
305201 499901
305301 499901
305401 499901
305501 499901
305601 499901
305701 499901
305801 499901
305901 499901
306001 499901
306101 499901
306201 499901
306301 499901
306401 499901
306501 499901
306601 499901
306701 499901
306801 499901
306901 499901
307001 499901
307101 499901
307201 499901
307301 499901
307401 499901
307501 499901
307601 499901
307701 499901
307801 499901
307901 499901
308001 499901
308101 499901
308201 499901
308301 499901
308401 499901
308501 499901
308601 499901
308701 499901
308801 499901
308901 499901
309001 499901
309101 499901
309201 499901
309301 499901
309401 499901
309501 499901
309601 499901
309701 499901
309801 499901
309901 499901
310001 499901
310101 499901
310201 499901
310301 499901
310401 499901
310501 499901
310601 499901
310701 499901
310801 499901
310901 499901
311001 499901
311101 499901
311201 499901
311301 499901
311401 499901
311501 499901
311601 499901
311701 499901
311801 499901
311901 499901
312001 499901
312101 499901
312201 499901
312301 499901
312401 499901
312501 499901
312601 499901
312701 499901
312801 499901
312901 499901
313001 499901
313101 499901
313201 499901
313301 499901
313401 499901
313501 499901
313601 499901
313701 499901
313801 499901
313901 499901
314001 499901
314101 499901
314201 499901
314301 499901
314401 499901
314501 499901
314601 499901
314701 499901
314801 499901
314901 499901
315001 499901
315101 499901
315201 499901
315301 499901
315401 499901
315501 499901
315601 499901
315701 499901
315801 499901
315901 499901
316001 499901
316101 499901
316201 499901
316301 499901
316401 499901
316501 499901
316601 499901
316701 499901
316801 499901
316901 499901
317001 499901
317101 499901
317201 499901
317301 499901
317401 499901
317501 499901
317601 499901
317701 499901
317801 499901
317901 499901
318001 499901
318101 499901
318201 499901
318301 499901
318401 499901
318501 499901
318601 499901
318701 499901
318801 499901
318901 499901
319001 499901
319101 499901
319201 499901
319301 499901
319401 499901
319501 499901
319601 499901
319701 499901
319801 499901
319901 499901
320001 499901
320101 499901
320201 499901
320301 499901
320401 499901
320501 499901
320601 499901
320701 499901
320801 499901
320901 499901
321001 499901
321101 499901
321201 499901
321301 499901
321401 499901
321501 499901
321601 499901
321701 499901
321801 499901
321901 499901
322001 499901
322101 499901
322201 499901
322301 499901
322401 499901
322501 499901
322601 499901
322701 499901
322801 499901
322901 499901
323001 499901
323101 499901
323201 499901
323301 499901
323401 499901
323501 499901
323601 499901
323701 499901
323801 499901
323901 499901
324001 499901
324101 499901
324201 499901
324301 499901
324401 499901
324501 499901
324601 499901
324701 499901
324801 499901
324901 499901
325001 499901
325101 499901
325201 499901
325301 499901
325401 499901
325501 499901
325601 499901
325701 499901
325801 499901
325901 499901
326001 499901
326101 499901
326201 499901
326301 499901
326401 499901
326501 499901
326601 499901
326701 499901
326801 499901
326901 499901
327001 499901
327101 499901
327201 499901
327301 499901
327401 499901
327501 499901
327601 499901
327701 499901
327801 499901
327901 499901
328001 499901
328101 499901
328201 499901
328301 499901
328401 499901
328501 499901
328601 499901
328701 499901
328801 499901
328901 499901
329001 499901
329101 499901
329201 499901
329301 499901
329401 499901
329501 499901
329601 499901
329701 499901
329801 499901
329901 499901
330001 499901
330101 499901
330201 499901
330301 499901
330401 499901
330501 499901
330601 499901
330701 499901
330801 499901
330901 499901
331001 499901
331101 499901
331201 499901
331301 499901
331401 499901
331501 499901
331601 499901
331701 499901
331801 499901
331901 499901
332001 499901
332101 499901
332201 499901
332301 499901
332401 499901
332501 499901
332601 499901
332701 499901
332801 499901
332901 499901
333001 499901
333101 499901
333201 499901
333301 499901
333401 499901
333501 499901
333601 499901
333701 499901
333801 499901
333901 499901
334001 499901
334101 499901
334201 499901
334301 499901
334401 499901
334501 499901
334601 499901
334701 499901
334801 499901
334901 499901
335001 499901
335101 499901
335201 499901
335301 499901
335401 499901
335501 499901
335601 499901
335701 499901
335801 499901
335901 499901
336001 499901
336101 499901
336201 499901
336301 499901
336401 499901
336501 499901
336601 499901
336701 499901
336801 499901
336901 499901
337001 499901
337101 499901
337201 499901
337301 499901
337401 499901
337501 499901
337601 499901
337701 499901
337801 499901
337901 499901
338001 499901
338101 499901
338201 499901
338301 499901
338401 499901
338501 499901
338601 499901
338701 499901
338801 499901
338901 499901
339001 499901
339101 499901
339201 499901
339301 499901
339401 499901
339501 499901
339601 499901
339701 499901
339801 499901
339901 499901
340001 499901
340101 499901
340201 499901
340301 499901
340401 499901
340501 499901
340601 499901
340701 499901
340801 499901
340901 499901
341001 499901
341101 499901
341201 499901
341301 499901
341401 499901
341501 499901
341601 499901
341701 499901
341801 499901
341901 499901
342001 499901
342101 499901
342201 499901
342301 499901
342401 499901
342501 499901
342601 499901
342701 499901
342801 499901
342901 499901
343001 499901
343101 499901
343201 499901
343301 499901
343401 499901
343501 499901
343601 499901
343701 499901
343801 499901
343901 499901
344001 499901
344101 499901
344201 499901
344301 499901
344401 499901
344501 499901
344601 499901
344701 499901
344801 499901
344901 499901
345001 499901
345101 499901
345201 499901
345301 499901
345401 499901
345501 499901
345601 499901
345701 499901
345801 499901
345901 499901
346001 499901
346101 499901
346201 499901
346301 499901
346401 499901
346501 499901
346601 499901
346701 499901
346801 499901
346901 499901
347001 499901
347101 499901
347201 499901
347301 499901
347401 499901
347501 499901
347601 499901
347701 499901
347801 499901
347901 499901
348001 499901
348101 499901
348201 499901
348301 499901
348401 499901
348501 499901
348601 499901
348701 499901
348801 499901
348901 499901
349001 499901
349101 499901
349201 499901
349301 499901
349401 499901
349501 499901
349601 499901
349701 499901
349801 499901
349901 499901
350001 499901
350101 499901
350201 499901
350301 499901
350401 499901
350501 499901
350601 499901
350701 499901
350801 499901
350901 499901
351001 499901
351101 499901
351201 499901
351301 499901
351401 499901
351501 499901
351601 499901
351701 499901
351801 499901
351901 499901
352001 499901
352101 499901
352201 499901
352301 499901
352401 499901
352501 499901
352601 499901
352701 499901
352801 499901
352901 499901
353001 499901
353101 499901
353201 499901
353301 499901
353401 499901
353501 499901
353601 499901
353701 499901
353801 499901
353901 499901
354001 499901
354101 499901
354201 499901
354301 499901
354401 499901
354501 499901
354601 499901
354701 499901
354801 499901
354901 499901
355001 499901
355101 499901
355201 499901
355301 499901
355401 499901
355501 499901
355601 499901
355701 499901
355801 499901
355901 499901
356001 499901
356101 499901
356201 499901
356301 499901
356401 499901
356501 499901
356601 499901
356701 499901
356801 499901
356901 499901
357001 499901
357101 499901
357201 499901
357301 499901
357401 499901
357501 499901
357601 499901
357701 499901
357801 499901
357901 499901
358001 499901
358101 499901
358201 499901
358301 499901
358401 499901
358501 499901
358601 499901
358701 499901
358801 499901
358901 499901
359001 499901
359101 499901
359201 499901
359301 499901
359401 499901
359501 499901
359601 499901
359701 499901
359801 499901
359901 499901
360001 499901
360101 499901
360201 499901
360301 499901
360401 499901
360501 499901
360601 499901
360701 499901
360801 499901
360901 499901
361001 499901
361101 499901
361201 499901
361301 499901
361401 499901
361501 499901
361601 499901
361701 499901
361801 499901
361901 499901
362001 499901
362101 499901
362201 499901
362301 499901
362401 499901
362501 499901
362601 499901
362701 499901
362801 499901
362901 499901
363001 499901
363101 499901
363201 499901
363301 499901
363401 499901
363501 499901
363601 499901
363701 499901
363801 499901
363901 499901
364001 499901
364101 499901
364201 499901
364301 499901
364401 499901
364501 499901
364601 499901
364701 499901
364801 499901
364901 499901
365001 499901
365101 499901
365201 499901
365301 499901
365401 499901
365501 499901
365601 499901
365701 499901
365801 499901
365901 499901
366001 499901
366101 499901
366201 499901
366301 499901
366401 499901
366501 499901
366601 499901
366701 499901
366801 499901
366901 499901
367001 499901
367101 499901
367201 499901
367301 499901
367401 499901
367501 499901
367601 499901
367701 499901
367801 499901
367901 499901
368001 499901
368101 499901
368201 499901
368301 499901
368401 499901
368501 499901
368601 499901
368701 499901
368801 499901
368901 499901
369001 499901
369101 499901
369201 499901
369301 499901
369401 499901
369501 499901
369601 499901
369701 499901
369801 499901
369901 499901
370001 499901
370101 499901
370201 499901
370301 499901
370401 499901
370501 499901
370601 499901
370701 499901
370801 499901
370901 499901
371001 499901
371101 499901
371201 499901
371301 499901
371401 499901
371501 499901
371601 499901
371701 499901
371801 499901
371901 499901
372001 499901
372101 499901
372201 499901
372301 499901
372401 499901
372501 499901
372601 499901
372701 499901
372801 499901
372901 499901
373001 499901
373101 499901
373201 499901
373301 499901
373401 499901
373501 499901
373601 499901
373701 499901
373801 499901
373901 499901
374001 499901
374101 499901
374201 499901
374301 499901
374401 499901
374501 499901
374601 499901
374701 499901
374801 499901
374901 499901
375001 499901
375101 499901
375201 499901
375301 499901
375401 499901
375501 499901
375601 499901
375701 499901
375801 499901
375901 499901
376001 499901
376101 499901
376201 499901
376301 499901
376401 499901
376501 499901
376601 499901
376701 499901
376801 499901
376901 499901
377001 499901
377101 499901
377201 499901
377301 499901
377401 499901
377501 499901
377601 499901
377701 499901
377801 499901
377901 499901
378001 499901
378101 499901
378201 499901
378301 499901
378401 499901
378501 499901
378601 499901
378701 499901
378801 499901
378901 499901
379001 499901
379101 499901
379201 499901
379301 499901
379401 499901
379501 499901
379601 499901
379701 499901
379801 499901
379901 499901
380001 499901
380101 499901
380201 499901
380301 499901
380401 499901
380501 499901
380601 499901
380701 499901
380801 499901
380901 499901
381001 499901
381101 499901
381201 499901
381301 499901
381401 499901
381501 499901
381601 499901
381701 499901
381801 499901
381901 499901
382001 499901
382101 499901
382201 499901
382301 499901
382401 499901
382501 499901
382601 499901
382701 499901
382801 499901
382901 499901
383001 499901
383101 499901
383201 499901
383301 499901
383401 499901
383501 499901
383601 499901
383701 499901
383801 499901
383901 499901
384001 499901
384101 499901
384201 499901
384301 499901
384401 499901
384501 499901
384601 499901
384701 499901
384801 499901
384901 499901
385001 499901
385101 499901
385201 499901
385301 499901
385401 499901
385501 499901
385601 499901
385701 499901
385801 499901
385901 499901
386001 499901
386101 499901
386201 499901
386301 499901
386401 499901
386501 499901
386601 499901
386701 499901
386801 499901
386901 499901
387001 499901
387101 499901
387201 499901
387301 499901
387401 499901
387501 499901
387601 499901
387701 499901
387801 499901
387901 499901
388001 499901
388101 499901
388201 499901
388301 499901
388401 499901
388501 499901
388601 499901
388701 499901
388801 499901
388901 499901
389001 499901
389101 499901
389201 499901
389301 499901
389401 499901
389501 499901
389601 499901
389701 499901
389801 499901
389901 499901
390001 499901
390101 499901
390201 499901
390301 499901
390401 499901
390501 499901
390601 499901
390701 499901
390801 499901
390901 499901
391001 499901
391101 499901
391201 499901
391301 499901
391401 499901
391501 499901
391601 499901
391701 499901
391801 499901
391901 499901
392001 499901
392101 499901
392201 499901
392301 499901
392401 499901
392501 499901
392601 499901
392701 499901
392801 499901
392901 499901
393001 499901
393101 499901
393201 499901
393301 499901
393401 499901
393501 499901
393601 499901
393701 499901
393801 499901
393901 499901
394001 499901
394101 499901
394201 499901
394301 499901
394401 499901
394501 499901
394601 499901
394701 499901
394801 499901
394901 499901
395001 499901
395101 499901
395201 499901
395301 499901
395401 499901
395501 499901
395601 499901
395701 499901
395801 499901
395901 499901
396001 499901
396101 499901
396201 499901
396301 499901
396401 499901
396501 499901
396601 499901
396701 499901
396801 499901
396901 499901
397001 499901
397101 499901
397201 499901
397301 499901
397401 499901
397501 499901
397601 499901
397701 499901
397801 499901
397901 499901
398001 499901
398101 499901
398201 499901
398301 499901
398401 499901
398501 499901
398601 499901
398701 499901
398801 499901
398901 499901
399001 499901
399101 499901
399201 499901
399301 499901
399401 499901
399501 499901
399601 499901
399701 499901
399801 499901
399901 499901
400001 499901
400101 499901
400201 499901
400301 499901
400401 499901
400501 499901
400601 499901
400701 499901
400801 499901
400901 499901
401001 499901
401101 499901
401201 499901
401301 499901
401401 499901
401501 499901
401601 499901
401701 499901
401801 499901
401901 499901
402001 499901
402101 499901
402201 499901
402301 499901
402401 499901
402501 499901
402601 499901
402701 499901
402801 499901
402901 499901
403001 499901
403101 499901
403201 499901
403301 499901
403401 499901
403501 499901
403601 499901
403701 499901
403801 499901
403901 499901
404001 499901
404101 499901
404201 499901
404301 499901
404401 499901
404501 499901
404601 499901
404701 499901
404801 499901
404901 499901
405001 499901
405101 499901
405201 499901
405301 499901
405401 499901
405501 499901
405601 499901
405701 499901
405801 499901
405901 499901
406001 499901
406101 499901
406201 499901
406301 499901
406401 499901
406501 499901
406601 499901
406701 499901
406801 499901
406901 499901
407001 499901
407101 499901
407201 499901
407301 499901
407401 499901
407501 499901
407601 499901
407701 499901
407801 499901
407901 499901
408001 499901
408101 499901
408201 499901
408301 499901
408401 499901
408501 499901
408601 499901
408701 499901
408801 499901
408901 499901
409001 499901
409101 499901
409201 499901
409301 499901
409401 499901
409501 499901
409601 499901
409701 499901
409801 499901
409901 499901
410001 499901
410101 499901
410201 499901
410301 499901
410401 499901
410501 499901
410601 499901
410701 499901
410801 499901
410901 499901
411001 499901
411101 499901
411201 499901
411301 499901
411401 499901
411501 499901
411601 499901
411701 499901
411801 499901
411901 499901
412001 499901
412101 499901
412201 499901
412301 499901
412401 499901
412501 499901
412601 499901
412701 499901
412801 499901
412901 499901
413001 499901
413101 499901
413201 499901
413301 499901
413401 499901
413501 499901
413601 499901
413701 499901
413801 499901
413901 499901
414001 499901
414101 499901
414201 499901
414301 499901
414401 499901
414501 499901
414601 499901
414701 499901
414801 499901
414901 499901
415001 499901
415101 499901
415201 499901
415301 499901
415401 499901
415501 499901
415601 499901
415701 499901
415801 499901
415901 499901
416001 499901
416101 499901
416201 499901
416301 499901
416401 499901
416501 499901
416601 499901
416701 499901
416801 499901
416901 499901
417001 499901
417101 499901
417201 499901
417301 499901
417401 499901
417501 499901
417601 499901
417701 499901
417801 499901
417901 499901
418001 499901
418101 499901
418201 499901
418301 499901
418401 499901
418501 499901
418601 499901
418701 499901
418801 499901
418901 499901
419001 499901
419101 499901
419201 499901
419301 499901
419401 499901
419501 499901
419601 499901
419701 499901
419801 499901
419901 499901
420001 499901
420101 499901
420201 499901
420301 499901
420401 499901
420501 499901
420601 499901
420701 499901
420801 499901
420901 499901
421001 499901
421101 499901
421201 499901
421301 499901
421401 499901
421501 499901
421601 499901
421701 499901
421801 499901
421901 499901
422001 499901
422101 499901
422201 499901
422301 499901
422401 499901
422501 499901
422601 499901
422701 499901
422801 499901
422901 499901
423001 499901
423101 499901
423201 499901
423301 499901
423401 499901
423501 499901
423601 499901
423701 499901
423801 499901
423901 499901
424001 499901
424101 499901
424201 499901
424301 499901
424401 499901
424501 499901
424601 499901
424701 499901
424801 499901
424901 499901
425001 499901
425101 499901
425201 499901
425301 499901
425401 499901
425501 499901
425601 499901
425701 499901
425801 499901
425901 499901
426001 499901
426101 499901
426201 499901
426301 499901
426401 499901
426501 499901
426601 499901
426701 499901
426801 499901
426901 499901
427001 499901
427101 499901
427201 499901
427301 499901
427401 499901
427501 499901
427601 499901
427701 499901
427801 499901
427901 499901
428001 499901
428101 499901
428201 499901
428301 499901
428401 499901
428501 499901
428601 499901
428701 499901
428801 499901
428901 499901
429001 499901
429101 499901
429201 499901
429301 499901
429401 499901
429501 499901
429601 499901
429701 499901
429801 499901
429901 499901
430001 499901
430101 499901
430201 499901
430301 499901
430401 499901
430501 499901
430601 499901
430701 499901
430801 499901
430901 499901
431001 499901
431101 499901
431201 499901
431301 499901
431401 499901
431501 499901
431601 499901
431701 499901
431801 499901
431901 499901
432001 499901
432101 499901
432201 499901
432301 499901
432401 499901
432501 499901
432601 499901
432701 499901
432801 499901
432901 499901
433001 499901
433101 499901
433201 499901
433301 499901
433401 499901
433501 499901
433601 499901
433701 499901
433801 499901
433901 499901
434001 499901
434101 499901
434201 499901
434301 499901
434401 499901
434501 499901
434601 499901
434701 499901
434801 499901
434901 499901
435001 499901
435101 499901
435201 499901
435301 499901
435401 499901
435501 499901
435601 499901
435701 499901
435801 499901
435901 499901
436001 499901
436101 499901
436201 499901
436301 499901
436401 499901
436501 499901
436601 499901
436701 499901
436801 499901
436901 499901
437001 499901
437101 499901
437201 499901
437301 499901
437401 499901
437501 499901
437601 499901
437701 499901
437801 499901
437901 499901
438001 499901
438101 499901
438201 499901
438301 499901
438401 499901
438501 499901
438601 499901
438701 499901
438801 499901
438901 499901
439001 499901
439101 499901
439201 499901
439301 499901
439401 499901
439501 499901
439601 499901
439701 499901
439801 499901
439901 499901
440001 499901
440101 499901
440201 499901
440301 499901
440401 499901
440501 499901
440601 499901
440701 499901
440801 499901
440901 499901
441001 499901
441101 499901
441201 499901
441301 499901
441401 499901
441501 499901
441601 499901
441701 499901
441801 499901
441901 499901
442001 499901
442101 499901
442201 499901
442301 499901
442401 499901
442501 499901
442601 499901
442701 499901
442801 499901
442901 499901
443001 499901
443101 499901
443201 499901
443301 499901
443401 499901
443501 499901
443601 499901
443701 499901
443801 499901
443901 499901
444001 499901
444101 499901
444201 499901
444301 499901
444401 499901
444501 499901
444601 499901
444701 499901
444801 499901
444901 499901
445001 499901
445101 499901
445201 499901
445301 499901
445401 499901
445501 499901
445601 499901
445701 499901
445801 499901
445901 499901
446001 499901
446101 499901
446201 499901
446301 499901
446401 499901
446501 499901
446601 499901
446701 499901
446801 499901
446901 499901
447001 499901
447101 499901
447201 499901
447301 499901
447401 499901
447501 499901
447601 499901
447701 499901
447801 499901
447901 499901
448001 499901
448101 499901
448201 499901
448301 499901
448401 499901
448501 499901
448601 499901
448701 499901
448801 499901
448901 499901
449001 499901
449101 499901
449201 499901
449301 499901
449401 499901
449501 499901
449601 499901
449701 499901
449801 499901
449901 499901
450001 499901
450101 499901
450201 499901
450301 499901
450401 499901
450501 499901
450601 499901
450701 499901
450801 499901
450901 499901
451001 499901
451101 499901
451201 499901
451301 499901
451401 499901
451501 499901
451601 499901
451701 499901
451801 499901
451901 499901
452001 499901
452101 499901
452201 499901
452301 499901
452401 499901
452501 499901
452601 499901
452701 499901
452801 499901
452901 499901
453001 499901
453101 499901
453201 499901
453301 499901
453401 499901
453501 499901
453601 499901
453701 499901
453801 499901
453901 499901
454001 499901
454101 499901
454201 499901
454301 499901
454401 499901
454501 499901
454601 499901
454701 499901
454801 499901
454901 499901
455001 499901
455101 499901
455201 499901
455301 499901
455401 499901
455501 499901
455601 499901
455701 499901
455801 499901
455901 499901
456001 499901
456101 499901
456201 499901
456301 499901
456401 499901
456501 499901
456601 499901
456701 499901
456801 499901
456901 499901
457001 499901
457101 499901
457201 499901
457301 499901
457401 499901
457501 499901
457601 499901
457701 499901
457801 499901
457901 499901
458001 499901
458101 499901
458201 499901
458301 499901
458401 499901
458501 499901
458601 499901
458701 499901
458801 499901
458901 499901
459001 499901
459101 499901
459201 499901
459301 499901
459401 499901
459501 499901
459601 499901
459701 499901
459801 499901
459901 499901
460001 499901
460101 499901
460201 499901
460301 499901
460401 499901
460501 499901
460601 499901
460701 499901
460801 499901
460901 499901
461001 499901
461101 499901
461201 499901
461301 499901
461401 499901
461501 499901
461601 499901
461701 499901
461801 499901
461901 499901
462001 499901
462101 499901
462201 499901
462301 499901
462401 499901
462501 499901
462601 499901
462701 499901
462801 499901
462901 499901
463001 499901
463101 499901
463201 499901
463301 499901
463401 499901
463501 499901
463601 499901
463701 499901
463801 499901
463901 499901
464001 499901
464101 499901
464201 499901
464301 499901
464401 499901
464501 499901
464601 499901
464701 499901
464801 499901
464901 499901
465001 499901
465101 499901
465201 499901
465301 499901
465401 499901
465501 499901
465601 499901
465701 499901
465801 499901
465901 499901
466001 499901
466101 499901
466201 499901
466301 499901
466401 499901
466501 499901
466601 499901
466701 499901
466801 499901
466901 499901
467001 499901
467101 499901
467201 499901
467301 499901
467401 499901
467501 499901
467601 499901
467701 499901
467801 499901
467901 499901
468001 499901
468101 499901
468201 499901
468301 499901
468401 499901
468501 499901
468601 499901
468701 499901
468801 499901
468901 499901
469001 499901
469101 499901
469201 499901
469301 499901
469401 499901
469501 499901
469601 499901
469701 499901
469801 499901
469901 499901
470001 499901
470101 499901
470201 499901
470301 499901
470401 499901
470501 499901
470601 499901
470701 499901
470801 499901
470901 499901
471001 499901
471101 499901
471201 499901
471301 499901
471401 499901
471501 499901
471601 499901
471701 499901
471801 499901
471901 499901
472001 499901
472101 499901
472201 499901
472301 499901
472401 499901
472501 499901
472601 499901
472701 499901
472801 499901
472901 499901
473001 499901
473101 499901
473201 499901
473301 499901
473401 499901
473501 499901
473601 499901
473701 499901
473801 499901
473901 499901
474001 499901
474101 499901
474201 499901
474301 499901
474401 499901
474501 499901
474601 499901
474701 499901
474801 499901
474901 499901
475001 499901
475101 499901
475201 499901
475301 499901
475401 499901
475501 499901
475601 499901
475701 499901
475801 499901
475901 499901
476001 499901
476101 499901
476201 499901
476301 499901
476401 499901
476501 499901
476601 499901
476701 499901
476801 499901
476901 499901
477001 499901
477101 499901
477201 499901
477301 499901
477401 499901
477501 499901
477601 499901
477701 499901
477801 499901
477901 499901
478001 499901
478101 499901
478201 499901
478301 499901
478401 499901
478501 499901
478601 499901
478701 499901
478801 499901
478901 499901
479001 499901
479101 499901
479201 499901
479301 499901
479401 499901
479501 499901
479601 499901
479701 499901
479801 499901
479901 499901
480001 499901
480101 499901
480201 499901
480301 499901
480401 499901
480501 499901
480601 499901
480701 499901
480801 499901
480901 499901
481001 499901
481101 499901
481201 499901
481301 499901
481401 499901
481501 499901
481601 499901
481701 499901
481801 499901
481901 499901
482001 499901
482101 499901
482201 499901
482301 499901
482401 499901
482501 499901
482601 499901
482701 499901
482801 499901
482901 499901
483001 499901
483101 499901
483201 499901
483301 499901
483401 499901
483501 499901
483601 499901
483701 499901
483801 499901
483901 499901
484001 499901
484101 499901
484201 499901
484301 499901
484401 499901
484501 499901
484601 499901
484701 499901
484801 499901
484901 499901
485001 499901
485101 499901
485201 499901
485301 499901
485401 499901
485501 499901
485601 499901
485701 499901
485801 499901
485901 499901
486001 499901
486101 499901
486201 499901
486301 499901
486401 499901
486501 499901
486601 499901
486701 499901
486801 499901
486901 499901
487001 499901
487101 499901
487201 499901
487301 499901
487401 499901
487501 499901
487601 499901
487701 499901
487801 499901
487901 499901
488001 499901
488101 499901
488201 499901
488301 499901
488401 499901
488501 499901
488601 499901
488701 499901
488801 499901
488901 499901
489001 499901
489101 499901
489201 499901
489301 499901
489401 499901
489501 499901
489601 499901
489701 499901
489801 499901
489901 499901
490001 499901
490101 499901
490201 499901
490301 499901
490401 499901
490501 499901
490601 499901
490701 499901
490801 499901
490901 499901
491001 499901
491101 499901
491201 499901
491301 499901
491401 499901
491501 499901
491601 499901
491701 499901
491801 499901
491901 499901
492001 499901
492101 499901
492201 499901
492301 499901
492401 499901
492501 499901
492601 499901
492701 499901
492801 499901
492901 499901
493001 499901
493101 499901
493201 499901
493301 499901
493401 499901
493501 499901
493601 499901
493701 499901
493801 499901
493901 499901
494001 499901
494101 499901
494201 499901
494301 499901
494401 499901
494501 499901
494601 499901
494701 499901
494801 499901
494901 499901
495001 499901
495101 499901
495201 499901
495301 499901
495401 499901
495501 499901
495601 499901
495701 499901
495801 499901
495901 499901
496001 499901
496101 499901
496201 499901
496301 499901
496401 499901
496501 499901
496601 499901
496701 499901
496801 499901
496901 499901
497001 499901
497101 499901
497201 499901
497301 499901
497401 499901
497501 499901
497601 499901
497701 499901
497801 499901
497901 499901
498001 499901
498101 499901
498201 499901
498301 499901
498401 499901
498501 499901
498601 499901
498701 499901
498801 499901
498901 499901
499001 499901
499101 499901
499201 499901
499301 499901
499401 499901
499501 499901
499601 499901
499701 499901
499801 499901
